INFO JavaFX Application Thread mesh.budget.model.Categories - !!!!!! line =Insurance,iag 123,southern cross
INFO JavaFX Application Thread mesh.budget.model.Category - !!!!!!v0Insurance
INFO JavaFX Application Thread mesh.budget.model.Categories - !!!!!! line =Food,countdown
INFO JavaFX Application Thread mesh.budget.model.Category - !!!!!!v0Food
INFO JavaFX Application Thread mesh.budget.App - catcontroler=mesh.budget.controller.CategoryUIController@39e82836
INFO JavaFX Application Thread mesh.budget.controller.CategoryUIController - intitializing catcontroler=mesh.budget.controller.CategoryUIController@39e82836
INFO JavaFX Application Thread mesh.budget.App - 1.cat stagex =javafx.stage.Stage@77e7133c
INFO JavaFX Application Thread mesh.budget.Utils - found export C:\Users\patri\Downloads\Export20241104144304.csv
INFO JavaFX Application Thread mesh.budget.Utils - found export C:\Users\patri\Downloads\Export20241104144511.ofx
INFO JavaFX Application Thread mesh.budget.Utils - found export C:\Users\patri\Downloads\Export20241104144700.ofx
INFO JavaFX Application Thread mesh.budget.Utils - found export C:\Users\patri\Downloads\Export20241205152636.csv
INFO JavaFX Application Thread mesh.budget.Utils - found export C:\Users\patri\Downloads\Export20241205152636.xlsx
INFO JavaFX Application Thread mesh.budget.Utils - found export C:\Users\patri\Downloads\Export20241224162527.csv
INFO JavaFX Application Thread mesh.budget.Utils - found export C:\Users\patri\Downloads\Export20241224162534.csv
INFO JavaFX Application Thread mesh.budget.model.Budget - loading C:\Users\patri\Downloads\Export20241104144304.csv
INFO JavaFX Application Thread mesh.budget.model.Budget - 14 new records found
INFO JavaFX Application Thread mesh.budget.model.Budget - loading C:\Users\patri\Downloads\Export20241104144511.ofx
INFO JavaFX Application Thread mesh.budget.model.Budget - no new records found
INFO JavaFX Application Thread mesh.budget.model.Budget - loading C:\Users\patri\Downloads\Export20241104144700.ofx
INFO JavaFX Application Thread mesh.budget.model.Budget - no new records found
INFO JavaFX Application Thread mesh.budget.model.Budget - loading C:\Users\patri\Downloads\Export20241205152636.csv
INFO JavaFX Application Thread mesh.budget.model.Budget - 87 new records found
INFO JavaFX Application Thread mesh.budget.model.Budget - loading C:\Users\patri\Downloads\Export20241205152636.xlsx
INFO JavaFX Application Thread mesh.budget.model.Budget - no new records found
INFO JavaFX Application Thread mesh.budget.model.Budget - loading C:\Users\patri\Downloads\Export20241224162527.csv
INFO JavaFX Application Thread mesh.budget.model.Budget - 178 new records found
INFO JavaFX Application Thread mesh.budget.model.Budget - loading C:\Users\patri\Downloads\Export20241224162534.csv
INFO JavaFX Application Thread mesh.budget.model.Budget - 578 new records found
INFO JavaFX Application Thread mesh.budget.App - mesh.budget.model.AppState@3d9bb328
INFO JavaFX Application Thread mesh.budget.controller.MainController - constructing main controler=mesh.budget.controller.MainController@201cd9f7
INFO JavaFX Application Thread mesh.budget.App - mesh.budget.model.AppState@3d9bb328
INFO JavaFX Application Thread mesh.budget.App - 2.cat stagex =javafx.stage.Stage@77e7133c
INFO JavaFX Application Thread mesh.budget.controller.MainController - showing Category Manger
ERROR JavaFX Application Thread mesh.budget.controller.MainController - selected row is null
INFO JavaFX Application Thread mesh.budget.controller.CategoryUIController - Insurance
INFO JavaFX Application Thread mesh.budget.controller.CategoryUIController - category ok button clicked
INFO JavaFX Application Thread mesh.budget.controller.CategoryUIController - onAddClick
INFO JavaFX Application Thread mesh.budget.controller.CategoryUIController - 
INFO JavaFX Application Thread mesh.budget.controller.CategoryUIController - gggg
INFO JavaFX Application Thread mesh.budget.controller.CategoryUIController - onAddMatch
INFO JavaFX Application Thread mesh.budget.controller.CategoryUIController - !!!!![mmmmm]
INFO JavaFX Application Thread mesh.budget.controller.CategoryUIController - category ok button clicked
INFO JavaFX Application Thread mesh.budget.controller.CategoryUIController - category ok button clicked
INFO JavaFX Application Thread mesh.budget.controller.MainController - Table1Clicked
INFO JavaFX Application Thread mesh.budget.controller.MainController - Table1Clicked
INFO JavaFX Application Thread mesh.budget.controller.MainController - context
INFO JavaFX Application Thread mesh.budget.controller.MainController - Table1Clicked
INFO JavaFX Application Thread mesh.budget.controller.MainController - Table1Clicked
